# JRE version: OpenJDK Runtime Environment (8.0_242-b01) (build 1.8.0_242-release-1644-b01)
# Java VM: OpenJDK 64-Bit Server VM (25.242-b01 mixed mode windows-amd64 compressed oops)
Heap:
 PSYoungGen      total 124416K, used 53675K [0x00000000f5580000, 0x0000000100000000, 0x0000000100000000)
  eden space 84480K, 16% used [0x00000000f5580000,0x00000000f632aec8,0x00000000fa800000)
  from space 39936K, 99% used [0x00000000fa800000,0x00000000fcec00c0,0x00000000fcf00000)
  to   space 50176K, 0% used [0x00000000fcf00000,0x00000000fcf00000,0x0000000100000000)
 ParOldGen       total 292864K, used 136400K [0x00000000e0000000, 0x00000000f1e00000, 0x00000000f5580000)
  object space 292864K, 46% used [0x00000000e0000000,0x00000000e8534260,0x00000000f1e00000)
 Metaspace       used 102940K, capacity 107560K, committed 108416K, reserved 1142784K
  class space    used 13641K, capacity 14612K, committed 14720K, reserved 1048576K
GC Heap History (10 events):
Event: 5921.932 GC heap before
{Heap before GC invocations=23 (full 4):
 PSYoungGen      total 149504K, used 125437K [0x00000000f5580000, 0x0000000100000000, 0x0000000100000000)
  eden space 125440K, 99% used [0x00000000f5580000,0x00000000fcfff670,0x00000000fd000000)
  from space 24064K, 0% used [0x00000000fe880000,0x00000000fe880000,0x0000000100000000)
  to   space 24576K, 0% used [0x00000000fd000000,0x00000000fd000000,0x00000000fe800000)
 ParOldGen       total 292864K, used 68745K [0x00000000e0000000, 0x00000000f1e00000, 0x00000000f5580000)
  object space 292864K, 23% used [0x00000000e0000000,0x00000000e4322668,0x00000000f1e00000)
 Metaspace       used 93736K, capacity 97358K, committed 99840K, reserved 1136640K
  class space    used 12222K, capacity 13015K, committed 13568K, reserved 1048576K
Event: 5921.954 GC heap after
Heap after GC invocations=23 (full 4):
 PSYoungGen      total 150016K, used 16247K [0x00000000f5580000, 0x0000000100000000, 0x0000000100000000)
  eden space 125440K, 0% used [0x00000000f5580000,0x00000000f5580000,0x00000000fd000000)
  from space 24576K, 66% used [0x00000000fd000000,0x00000000fdfddea8,0x00000000fe800000)
  to   space 24576K, 0% used [0x00000000fe800000,0x00000000fe800000,0x0000000100000000)
 ParOldGen       total 292864K, used 68753K [0x00000000e0000000, 0x00000000f1e00000, 0x00000000f5580000)
  object space 292864K, 23% used [0x00000000e0000000,0x00000000e4324668,0x00000000f1e00000)
 Metaspace       used 93736K, capacity 97358K, committed 99840K, reserved 1136640K
  class space    used 12222K, capacity 13015K, committed 13568K, reserved 1048576K
}
Event: 5922.190 GC heap before
{Heap before GC invocations=24 (full 4):
 PSYoungGen      total 150016K, used 141687K [0x00000000f5580000, 0x0000000100000000, 0x0000000100000000)
  eden space 125440K, 100% used [0x00000000f5580000,0x00000000fd000000,0x00000000fd000000)
  from space 24576K, 66% used [0x00000000fd000000,0x00000000fdfddea8,0x00000000fe800000)
  to   space 24576K, 0% used [0x00000000fe800000,0x00000000fe800000,0x0000000100000000)
 ParOldGen       total 292864K, used 68770K [0x00000000e0000000, 0x00000000f1e00000, 0x00000000f5580000)
  object space 292864K, 23% used [0x00000000e0000000,0x00000000e43289e8,0x00000000f1e00000)
 Metaspace       used 93744K, capacity 97358K, committed 99840K, reserved 1136640K
  class space    used 12222K, capacity 13015K, committed 13568K, reserved 1048576K
Event: 5922.209 GC heap after
Heap after GC invocations=24 (full 4):
 PSYoungGen      total 150016K, used 15959K [0x00000000f5580000, 0x0000000100000000, 0x0000000100000000)
  eden space 125440K, 0% used [0x00000000f5580000,0x00000000f5580000,0x00000000fd000000)
  from space 24576K, 64% used [0x00000000fe800000,0x00000000ff795c40,0x0000000100000000)
  to   space 24576K, 0% used [0x00000000fd000000,0x00000000fd000000,0x00000000fe800000)
 ParOldGen       total 292864K, used 74059K [0x00000000e0000000, 0x00000000f1e00000, 0x00000000f5580000)
  object space 292864K, 25% used [0x00000000e0000000,0x00000000e4852e20,0x00000000f1e00000)
 Metaspace       used 93744K, capacity 97358K, committed 99840K, reserved 1136640K
  class space    used 12222K, capacity 13015K, committed 13568K, reserved 1048576K
}
Event: 5923.671 GC heap before
{Heap before GC invocations=25 (full 4):
 PSYoungGen      total 150016K, used 135996K [0x00000000f5580000, 0x0000000100000000, 0x0000000100000000)
  eden space 125440K, 95% used [0x00000000f5580000,0x00000000fcab9428,0x00000000fd000000)
  from space 24576K, 64% used [0x00000000fe800000,0x00000000ff795c40,0x0000000100000000)
  to   space 24576K, 0% used [0x00000000fd000000,0x00000000fd000000,0x00000000fe800000)
 ParOldGen       total 292864K, used 74059K [0x00000000e0000000, 0x00000000f1e00000, 0x00000000f5580000)
  object space 292864K, 25% used [0x00000000e0000000,0x00000000e4852e20,0x00000000f1e00000)
 Metaspace       used 101818K, capacity 106350K, committed 107264K, reserved 1142784K
  class space    used 13479K, capacity 14435K, committed 14592K, reserved 1048576K
Event: 5923.685 GC heap after
Heap after GC invocations=25 (full 4):
 PSYoungGen      total 142848K, used 17227K [0x00000000f5580000, 0x0000000100000000, 0x0000000100000000)
  eden space 125440K, 0% used [0x00000000f5580000,0x00000000f5580000,0x00000000fd000000)
  from space 17408K, 98% used [0x00000000fd000000,0x00000000fe0d2d28,0x00000000fe100000)
  to   space 25088K, 0% used [0x00000000fe780000,0x00000000fe780000,0x0000000100000000)
 ParOldGen       total 292864K, used 76395K [0x00000000e0000000, 0x00000000f1e00000, 0x00000000f5580000)
  object space 292864K, 26% used [0x00000000e0000000,0x00000000e4a9ae20,0x00000000f1e00000)
 Metaspace       used 101818K, capacity 106350K, committed 107264K, reserved 1142784K
  class space    used 13479K, capacity 14435K, committed 14592K, reserved 1048576K
}
Event: 5924.510 GC heap before
{Heap before GC invocations=26 (full 4):
 PSYoungGen      total 142848K, used 142667K [0x00000000f5580000, 0x0000000100000000, 0x0000000100000000)
  eden space 125440K, 100% used [0x00000000f5580000,0x00000000fd000000,0x00000000fd000000)
  from space 17408K, 98% used [0x00000000fd000000,0x00000000fe0d2d28,0x00000000fe100000)
  to   space 25088K, 0% used [0x00000000fe780000,0x00000000fe780000,0x0000000100000000)
 ParOldGen       total 292864K, used 76395K [0x00000000e0000000, 0x00000000f1e00000, 0x00000000f5580000)
  object space 292864K, 26% used [0x00000000e0000000,0x00000000e4a9ae20,0x00000000f1e00000)
 Metaspace       used 102787K, capacity 107414K, committed 108160K, reserved 1142784K
  class space    used 13640K, capacity 14611K, committed 14720K, reserved 1048576K
Event: 5924.573 GC heap after
Heap after GC invocations=26 (full 4):
 PSYoungGen      total 109568K, used 25082K [0x00000000f5580000, 0x0000000100000000, 0x0000000100000000)
  eden space 84480K, 0% used [0x00000000f5580000,0x00000000f5580000,0x00000000fa800000)
  from space 25088K, 99% used [0x00000000fe780000,0x00000000ffffeb88,0x0000000100000000)
  to   space 45056K, 0% used [0x00000000fa800000,0x00000000fa800000,0x00000000fd400000)
 ParOldGen       total 292864K, used 122656K [0x00000000e0000000, 0x00000000f1e00000, 0x00000000f5580000)
  object space 292864K, 41% used [0x00000000e0000000,0x00000000e77c80f8,0x00000000f1e00000)
 Metaspace       used 102787K, capacity 107414K, committed 108160K, reserved 1142784K
  class space    used 13640K, capacity 14611K, committed 14720K, reserved 1048576K
}
Event: 5925.140 GC heap before
{Heap before GC invocations=27 (full 4):
 PSYoungGen      total 109568K, used 109562K [0x00000000f5580000, 0x0000000100000000, 0x0000000100000000)
  eden space 84480K, 100% used [0x00000000f5580000,0x00000000fa800000,0x00000000fa800000)
  from space 25088K, 99% used [0x00000000fe780000,0x00000000ffffeb88,0x0000000100000000)
  to   space 45056K, 0% used [0x00000000fa800000,0x00000000fa800000,0x00000000fd400000)
 ParOldGen       total 292864K, used 122656K [0x00000000e0000000, 0x00000000f1e00000, 0x00000000f5580000)
  object space 292864K, 41% used [0x00000000e0000000,0x00000000e77c80f8,0x00000000f1e00000)
 Metaspace       used 102936K, capacity 107560K, committed 108416K, reserved 1142784K
  class space    used 13641K, capacity 14612K, committed 14720K, reserved 1048576K
Event: 5925.182 GC heap after
Heap after GC invocations=27 (full 4):
 PSYoungGen      total 124416K, used 39680K [0x00000000f5580000, 0x0000000100000000, 0x0000000100000000)
  eden space 84480K, 0% used [0x00000000f5580000,0x00000000f5580000,0x00000000fa800000)
  from space 39936K, 99% used [0x00000000fa800000,0x00000000fcec00c0,0x00000000fcf00000)
  to   space 50176K, 0% used [0x00000000fcf00000,0x00000000fcf00000,0x0000000100000000)
 ParOldGen       total 292864K, used 136400K [0x00000000e0000000, 0x00000000f1e00000, 0x00000000f5580000)
  object space 292864K, 46% used [0x00000000e0000000,0x00000000e8534260,0x00000000f1e00000)
 Metaspace       used 102936K, capacity 107560K, committed 108416K, reserved 1142784K
  class space    used 13641K, capacity 14612K, committed 14720K, reserved 1048576K
}

